30.08.2021 11:33:32
Cannot modify header information - headers already sent by (output started at /var/www/www-root/data/www/na100pro/main/class.core.php:589)
#1 /var/www/www-root/data/www/na100pro/client/api.php (201): header()
URL: /api.php?page=ffilter
----------------------------------------------------------------------
30.08.2021 11:35:16
Cannot modify header information - headers already sent by (output started at /var/www/www-root/data/www/na100pro/main/class.core.php:589)
#1 /var/www/www-root/data/www/na100pro/client/api.php (201): header()
URL: /api.php?page=ffilter
----------------------------------------------------------------------
30.08.2021 11:36:04
Cannot modify header information - headers already sent by (output started at /var/www/www-root/data/www/na100pro/main/class.core.php:589)
#1 /var/www/www-root/data/www/na100pro/client/api.php (201): header()
URL: /api.php?page=ffilter
----------------------------------------------------------------------
30.08.2021 11:36:35
Header may not contain more than a single header, new line detected
#1 /var/www/www-root/data/www/na100pro/main/class.core.php (316): header()
#2 /var/www/www-root/data/www/na100pro/main/class.mysql.php (275): core->error_callback()
#3 /var/www/www-root/data/www/na100pro/main/class.mysql.php (500): mysql->mysql_error_callback()
#4 /var/www/www-root/data/www/na100pro/client/main/api_ffilter.php (132): mysql->query()
#5 /var/www/www-root/data/www/na100pro/client/api.php (189): include()
URL: /api.php?page=ffilter
----------------------------------------------------------------------
30.08.2021 11:36:53
Header may not contain more than a single header, new line detected
#1 /var/www/www-root/data/www/na100pro/main/class.core.php (316): header()
#2 /var/www/www-root/data/www/na100pro/main/class.mysql.php (275): core->error_callback()
#3 /var/www/www-root/data/www/na100pro/main/class.mysql.php (500): mysql->mysql_error_callback()
#4 /var/www/www-root/data/www/na100pro/client/main/api_ffilter.php (132): mysql->query()
#5 /var/www/www-root/data/www/na100pro/client/api.php (189): include()
URL: /api.php?page=ffilter
----------------------------------------------------------------------
30.08.2021 11:37:11
Cannot modify header information - headers already sent by (output started at /var/www/www-root/data/www/na100pro/main/class.core.php:589)
#1 /var/www/www-root/data/www/na100pro/client/api.php (201): header()
URL: /api.php?page=ffilter
----------------------------------------------------------------------
30.08.2021 11:39:00
Cannot modify header information - headers already sent by (output started at /var/www/www-root/data/www/na100pro/main/class.core.php:589)
#1 /var/www/www-root/data/www/na100pro/client/api.php (201): header()
URL: /api.php?page=ffilter
----------------------------------------------------------------------
30.08.2021 11:39:16
Cannot modify header information - headers already sent by (output started at /var/www/www-root/data/www/na100pro/main/class.core.php:589)
#1 /var/www/www-root/data/www/na100pro/client/api.php (201): header()
URL: /api.php?page=ffilter
----------------------------------------------------------------------
30.08.2021 11:42:12
Cannot modify header information - headers already sent by (output started at /var/www/www-root/data/www/na100pro/main/class.core.php:589)
#1 /var/www/www-root/data/www/na100pro/client/api.php (201): header()
URL: /api.php?page=ffilter
----------------------------------------------------------------------
