23.08.2021 14:11:39
SELECT `@_complex_detail`.*, `@_complex`.*,
    `@_regions`.`region_name`, `@_regions`.`region_desc`, `@_sales`.`sale_name`,
    `@_sales`.`sale_id`, `@_foto`.*, COUNT(DISTINCT(`fotocount`.`foto_id`)) AS `foto_count`,
    `client_group`, `client_status`, `client_name`
    , GROUP_CONCAT(DISTINCT(`service_feed`)) AS `complex_feed_ignore`
    FROM `@_complex_detail`
        LEFT JOIN (`@_complex_service`, `@_services`)
            ON (
                `cs_service`=`service_id`
                AND `cs_complex`=`complex_detail_id`
            )
        LEFT JOIN `@_foto` AS `fotocount`
            ON (
                `fotocount`.`foto_parent`=`@_complex_detail`.`complex_detail_id`
                AND `fotocount`.`foto_type`='complex'
            )
        LEFT JOIN `@_foto`
            ON (
                `@_foto`.`foto_parent`=`@_complex_detail`.`complex_detail_id`
                AND `@_foto`.`foto_type`='complex'
                AND `@_foto`.`foto_num`=1
            )
    , `@_complex`, `@_regions`, `@_sales`, `@_clients`
    WHERE `complex_client` IN (0,1,3,4,5,6,7,8,9,10,11,12,13,14,15,17,18,21,22,23,24,25,26,27,29,30,31,32,33,34,35,36,37,38,39,41,42,43,44,45,55,56,57,58,59,60,61,62,63,64,65,68,69,70,71,72,74,75,76,77,78,79,80,82,83,84,85,86,87,88,89,91,92,94,95,96,97,98,99,100,101,102,104,105,106,107,108,109,110,112,113,118,119,120,121,122,123,124,126,128,129,130,131,132,133,134,136,138,139,140,142,143,144,145,146,148,149,152,153,154,155,156,157,158,159,160,161,162,163,164,165,166,167,168,169,170,171,173,175,178,179,181,182,183,184,185,187,188,189,190,191,192,193,196,197,198,199,200,201,202,204,205,206,207,208,209,210,211,212,213,214,215,216,217,218,219,222,223,224,226,227,228,229,230,231,232,233,234,235,236,237,238,239,240,241,242,243,244,245,246,247,248,249,250,251,252,253,254,255,257,259,260,261,262,263,264,265,266,267,268,269,270,271,272,273,275,276,277,278,279,280,281,282,283,287,288,289,295,297,298,300,301,302,303,304,309,310,312,314,318,319,321,322,323,324,325,326,327,328,329,330,331,332,333,336,337,338,340,341,342,343,344)
 AND NOT (`complex_complex`='0' AND `complex_client`='0') AND `complex_complex`=`complex_id`
    AND `complex_region`=`region_id`
    AND `complex_sale`=`sale_id`
    AND `complex_client`=`client_id`
    GROUP BY `complex_detail_id`
    ORDER BY `client_group`, `complex_name`

SELECT `realty_complex_detail`.*, `realty_complex`.*,
    `realty_regions`.`region_name`, `realty_regions`.`region_desc`, `realty_sales`.`sale_name`,
    `realty_sales`.`sale_id`, `realty_foto`.*, COUNT(DISTINCT(`fotocount`.`foto_id`)) AS `foto_count`,
    `client_group`, `client_status`, `client_name`
    , GROUP_CONCAT(DISTINCT(`service_feed`)) AS `complex_feed_ignore`
    FROM `realty_complex_detail`
        LEFT JOIN (`realty_complex_service`, `realty_services`)
            ON (
                `cs_service`=`service_id`
                AND `cs_complex`=`complex_detail_id`
            )
        LEFT JOIN `realty_foto` AS `fotocount`
            ON (
                `fotocount`.`foto_parent`=`realty_complex_detail`.`complex_detail_id`
                AND `fotocount`.`foto_type`='complex'
            )
        LEFT JOIN `realty_foto`
            ON (
                `realty_foto`.`foto_parent`=`realty_complex_detail`.`complex_detail_id`
                AND `realty_foto`.`foto_type`='complex'
                AND `realty_foto`.`foto_num`=1
            )
    , `realty_complex`, `realty_regions`, `realty_sales`, `realty_clients`
    WHERE `complex_client` IN (0,1,3,4,5,6,7,8,9,10,11,12,13,14,15,17,18,21,22,23,24,25,26,27,29,30,31,32,33,34,35,36,37,38,39,41,42,43,44,45,55,56,57,58,59,60,61,62,63,64,65,68,69,70,71,72,74,75,76,77,78,79,80,82,83,84,85,86,87,88,89,91,92,94,95,96,97,98,99,100,101,102,104,105,106,107,108,109,110,112,113,118,119,120,121,122,123,124,126,128,129,130,131,132,133,134,136,138,139,140,142,143,144,145,146,148,149,152,153,154,155,156,157,158,159,160,161,162,163,164,165,166,167,168,169,170,171,173,175,178,179,181,182,183,184,185,187,188,189,190,191,192,193,196,197,198,199,200,201,202,204,205,206,207,208,209,210,211,212,213,214,215,216,217,218,219,222,223,224,226,227,228,229,230,231,232,233,234,235,236,237,238,239,240,241,242,243,244,245,246,247,248,249,250,251,252,253,254,255,257,259,260,261,262,263,264,265,266,267,268,269,270,271,272,273,275,276,277,278,279,280,281,282,283,287,288,289,295,297,298,300,301,302,303,304,309,310,312,314,318,319,321,322,323,324,325,326,327,328,329,330,331,332,333,336,337,338,340,341,342,343,344)
 AND NOT (`complex_complex`='0' AND `complex_client`='0') AND `complex_complex`=`complex_id`
    AND `complex_region`=`region_id`
    AND `complex_sale`=`sale_id`
    AND `complex_client`=`client_id`
    GROUP BY `complex_detail_id`
    ORDER BY `client_group`, `complex_name`
Time: 85.3452
----------------------------------------------------------------------
