26.08.2021 13:42:56
Template main_overall.html not found
#0 /var/www/www-root/data/www/na100pro/main/class.parser.php (332): parser->parser_error_callback()
#1 /var/www/www-root/data/www/na100pro/client/index.php (164): parser->set_template()
URL: /
----------------------------------------------------------------------
26.08.2021 13:42:56
Template not loaded
#0 /var/www/www-root/data/www/na100pro/main/class.parser.php (385): parser->parser_error_callback()
#1 /var/www/www-root/data/www/na100pro/client/index.php (214): parser->parse_block()
URL: /
----------------------------------------------------------------------
26.08.2021 13:42:56
Template not loaded
#0 /var/www/www-root/data/www/na100pro/main/class.parser.php (385): parser->parser_error_callback()
#1 /var/www/www-root/data/www/na100pro/client/index.php (218): parser->parse_block()
URL: /
----------------------------------------------------------------------
26.08.2021 13:42:56
Template not loaded
#0 /var/www/www-root/data/www/na100pro/main/class.parser.php (642): parser->parser_error_callback()
#1 /var/www/www-root/data/www/na100pro/client/index.php (238): parser->parse_template()
URL: /
----------------------------------------------------------------------
